Release 14.7 Map P.20131013 (nt64)
Xilinx Mapping Report File for Design 'wrapper_RISC'

Design Information
------------------
Command Line   : map -intstyle ise -p xa7a100t-csg324-2I -w -logic_opt off -ol
high -t 1 -xt 0 -register_duplication off -r 4 -mt off -ir off -pr off -lc off
-power off -o wrapper_RISC_map.ncd wrapper_RISC.ngd wrapper_RISC.pcf 
Target Device  : xa7a100t
Target Package : csg324
Target Speed   : -2i
Mapper Version : aartix7 -- $Revision: 1.55 $
Mapped Date    : Wed Nov 09 16:01:46 2022

Design Summary
--------------
Number of errors:      0
Number of warnings:    4
Slice Logic Utilization:
  Number of Slice Registers:                 1,068 out of 126,800    1%
    Number used as Flip Flops:               1,057
    Number used as Latches:                     11
    Number used as Latch-thrus:                  0
    Number used as AND/OR logics:                0
  Number of Slice LUTs:                      2,015 out of  63,400    3%
    Number used as logic:                    2,014 out of  63,400    3%
      Number using O6 output only:           1,412
      Number using O5 output only:              28
      Number using O5 and O6:                  574
      Number used as ROM:                        0
    Number used as Memory:                       0 out of  19,000    0%
    Number used exclusively as route-thrus:      1
      Number with same-slice register load:      0
      Number with same-slice carry load:         1
      Number with other load:                    0

Slice Logic Distribution:
  Number of occupied Slices:                   567 out of  15,850    3%
  Number of LUT Flip Flop pairs used:        2,016
    Number with an unused Flip Flop:         1,460 out of   2,016   72%
    Number with an unused LUT:                   1 out of   2,016    1%
    Number of fully used LUT-FF pairs:         555 out of   2,016   27%
    Number of unique control sets:               5
    Number of slice register sites lost
      to control set restrictions:              20 out of 126,800    1%

  A LUT Flip Flop pair for this architecture represents one LUT paired with
  one Flip Flop within a slice.  A control set is a unique combination of
  clock, reset, set, and enable signals for a registered element.
  The Slice Logic Distribution report is not meaningful if the design is
  over-mapped for a non-slice resource or if Placement fails.
  OVERMAPPING of BRAM resources should be ignored if the design is
  over-mapped for a non-BRAM resource or if placement fails.

IO Utilization:
  Number of bonded IOBs:                        29 out of     210   13%
    Number of LOCed IOBs:                       29 out of      29  100%

Specific Feature Utilization:
  Number of RAMB36E1/FIFO36E1s:                  2 out of     135    1%
    Number using RAMB36E1 only:                  2
    Number using FIFO36E1 only:                  0
  Number of RAMB18E1/FIFO18E1s:                  0 out of     270    0%
  Number of BUFG/BUFGCTRLs:                      1 out of      32    3%
    Number used as BUFGs:                        1
    Number used as BUFGCTRLs:                    0
  Number of IDELAYE2/IDELAYE2_FINEDELAYs:        0 out of     300    0%
  Number of ILOGICE2/ILOGICE3/ISERDESE2s:        0 out of     300    0%
  Number of ODELAYE2/ODELAYE2_FINEDELAYs:        0
  Number of OLOGICE2/OLOGICE3/OSERDESE2s:        0 out of     300    0%
  Number of PHASER_IN/PHASER_IN_PHYs:            0 out of      24    0%
  Number of PHASER_OUT/PHASER_OUT_PHYs:          0 out of      24    0%
  Number of BSCANs:                              0 out of       4    0%
  Number of BUFHCEs:                             0 out of      96    0%
  Number of BUFRs:                               0 out of      24    0%
  Number of CAPTUREs:                            0 out of       1    0%
  Number of DNA_PORTs:                           0 out of       1    0%
  Number of DSP48E1s:                            0 out of     240    0%
  Number of EFUSE_USRs:                          0 out of       1    0%
  Number of FRAME_ECCs:                          0 out of       1    0%
  Number of IBUFDS_GTE2s:                        0 out of       4    0%
  Number of ICAPs:                               0 out of       2    0%
  Number of IDELAYCTRLs:                         0 out of       6    0%
  Number of IN_FIFOs:                            0 out of      24    0%
  Number of MMCME2_ADVs:                         0 out of       6    0%
  Number of OUT_FIFOs:                           0 out of      24    0%
  Number of PCIE_2_1s:                           0 out of       1    0%
  Number of PHASER_REFs:                         0 out of       6    0%
  Number of PHY_CONTROLs:                        0 out of       6    0%
  Number of PLLE2_ADVs:                          0 out of       6    0%
  Number of STARTUPs:                            0 out of       1    0%
  Number of XADCs:                               0 out of       1    0%

Average Fanout of Non-Clock Nets:                5.00

Peak Memory Usage:  5069 MB
Total REAL time to MAP completion:  1 mins 17 secs 
Total CPU time to MAP completion:   1 mins 1 secs 

Table of Contents
-----------------
Section 1 - Errors
Section 2 - Warnings
Section 3 - Informational
Section 4 - Removed Logic Summary
Section 5 - Removed Logic
Section 6 - IOB Properties
Section 7 - RPMs
Section 8 - Guide Report
Section 9 - Area Group and Partition Summary
Section 10 - Timing Report
Section 11 - Configuration String Information
Section 12 - Control Set Information
Section 13 - Utilization by Hierarchy

Section 1 - Errors
------------------

Section 2 - Warnings
--------------------
WARNING:Place:838 - An IO Bus with more than one IO standard is found.
   Components associated with this bus are as follows: 
   	 Comp: InputFPGA<0>   IOSTANDARD = LVCMOS33
   	 Comp: InputFPGA<1>   IOSTANDARD = LVCMOS33
   	 Comp: InputFPGA<2>   IOSTANDARD = LVCMOS33
   	 Comp: InputFPGA<3>   IOSTANDARD = LVCMOS33
   	 Comp: InputFPGA<4>   IOSTANDARD = LVCMOS33
   	 Comp: InputFPGA<5>   IOSTANDARD = LVCMOS33
   	 Comp: InputFPGA<6>   IOSTANDARD = LVCMOS18
   	 Comp: InputFPGA<7>   IOSTANDARD = LVCMOS18
   	 Comp: InputFPGA<8>   IOSTANDARD = LVCMOS33
   	 Comp: InputFPGA<9>   IOSTANDARD = LVCMOS33


WARNING:PhysDesignRules:372 - Gated clock. Clock net RISC/alu/Mmux_SelectB102 is
   sourced by a combinatorial pin. This is not good design practice. Use the CE
   pin to control the loading of data into the flip-flop.
WARNING:PhysDesignRules:372 - Gated clock. Clock net RISC/alu/Differ/_n0079 is
   sourced by a combinatorial pin. This is not good design practice. Use the CE
   pin to control the loading of data into the flip-flop.
WARNING:PhysDesignRules:372 - Gated clock. Clock net
   RISC/alu/GND_12_o_ALUOps[3]_AND_188_o is sourced by a combinatorial pin. This
   is not good design practice. Use the CE pin to control the loading of data
   into the flip-flop.

Section 3 - Informational
-------------------------
INFO:LIT:244 - All of the single ended outputs in this design are using slew
   rate limited output drivers. The delay on speed critical single ended outputs
   can be dramatically reduced by designating them as fast outputs.
INFO:Pack:1716 - Initializing temperature to 100.000 Celsius. (default - Range:
   -40.000 to 100.000 Celsius)
INFO:Pack:1720 - Initializing voltage to 0.950 Volts. (default - Range: 0.950 to
   1.050 Volts)
INFO:Map:215 - The Interim Design Summary has been generated in the MAP Report
   (.mrp).
INFO:Pack:1650 - Map created a placed design.

Section 4 - Removed Logic Summary
---------------------------------
   6 block(s) optimized away

Section 5 - Removed Logic
-------------------------

Optimized Block(s):
TYPE 		BLOCK
GND 		RISC/IM/XST_GND
VCC 		RISC/IM/XST_VCC
GND 		RISC/dataMem/XST_GND
VCC 		RISC/dataMem/XST_VCC
GND 		XST_GND
VCC 		XST_VCC

To enable printing of redundant blocks removed and signals merged, set the
detailed map report option and rerun map.

Section 6 - IOB Properties
--------------------------

+---------------------------------------------------------------------------------------------------------------------------------------------------------+
| IOB Name                           | Type             | Direction | IO Standard          | Diff  | Drive    | Slew | Reg (s)      | Resistor | IOB      |
|                                    |                  |           |                      | Term  | Strength | Rate |              |          | Delay    |
+---------------------------------------------------------------------------------------------------------------------------------------------------------+
| InputFPGA<0>                       | IOB33            | INPUT     | LVCMOS33             |       |          |      |              |          |          |
| InputFPGA<1>                       | IOB33            | INPUT     | LVCMOS33             |       |          |      |              |          |          |
| InputFPGA<2>                       | IOB33            | INPUT     | LVCMOS33             |       |          |      |              |          |          |
| InputFPGA<3>                       | IOB33            | INPUT     | LVCMOS33             |       |          |      |              |          |          |
| InputFPGA<4>                       | IOB33            | INPUT     | LVCMOS33             |       |          |      |              |          |          |
| InputFPGA<5>                       | IOB33            | INPUT     | LVCMOS33             |       |          |      |              |          |          |
| InputFPGA<6>                       | IOB              | INPUT     | LVCMOS18             |       |          |      |              |          |          |
| InputFPGA<7>                       | IOB              | INPUT     | LVCMOS18             |       |          |      |              |          |          |
| InputFPGA<8>                       | IOB33            | INPUT     | LVCMOS33             |       |          |      |              |          |          |
| InputFPGA<9>                       | IOB33            | INPUT     | LVCMOS33             |       |          |      |              |          |          |
| OutputFPGA<0>                      | IOB33            | OUTPUT    | LVCMOS33             |       | 12       | SLOW |              |          |          |
| OutputFPGA<1>                      | IOB33            | OUTPUT    | LVCMOS33             |       | 12       | SLOW |              |          |          |
| OutputFPGA<2>                      | IOB33            | OUTPUT    | LVCMOS33             |       | 12       | SLOW |              |          |          |
| OutputFPGA<3>                      | IOB33            | OUTPUT    | LVCMOS33             |       | 12       | SLOW |              |          |          |
| OutputFPGA<4>                      | IOB33            | OUTPUT    | LVCMOS33             |       | 12       | SLOW |              |          |          |
| OutputFPGA<5>                      | IOB33            | OUTPUT    | LVCMOS33             |       | 12       | SLOW |              |          |          |
| OutputFPGA<6>                      | IOB33            | OUTPUT    | LVCMOS33             |       | 12       | SLOW |              |          |          |
| OutputFPGA<7>                      | IOB33            | OUTPUT    | LVCMOS33             |       | 12       | SLOW |              |          |          |
| OutputFPGA<8>                      | IOB33            | OUTPUT    | LVCMOS33             |       | 12       | SLOW |              |          |          |
| OutputFPGA<9>                      | IOB33            | OUTPUT    | LVCMOS33             |       | 12       | SLOW |              |          |          |
| OutputFPGA<10>                     | IOB33            | OUTPUT    | LVCMOS33             |       | 12       | SLOW |              |          |          |
| OutputFPGA<11>                     | IOB33            | OUTPUT    | LVCMOS33             |       | 12       | SLOW |              |          |          |
| OutputFPGA<12>                     | IOB33            | OUTPUT    | LVCMOS33             |       | 12       | SLOW |              |          |          |
| OutputFPGA<13>                     | IOB33            | OUTPUT    | LVCMOS33             |       | 12       | SLOW |              |          |          |
| OutputFPGA<14>                     | IOB33            | OUTPUT    | LVCMOS33             |       | 12       | SLOW |              |          |          |
| OutputFPGA<15>                     | IOB33            | OUTPUT    | LVCMOS33             |       | 12       | SLOW |              |          |          |
| clk                                | IOB33            | INPUT     | LVCMOS33             |       |          |      |              |          |          |
| rst                                | IOB33            | INPUT     | LVCMOS33             |       |          |      |              |          |          |
| select                             | IOB33            | INPUT     | LVCMOS33             |       |          |      |              |          |          |
+---------------------------------------------------------------------------------------------------------------------------------------------------------+

Section 7 - RPMs
----------------

Section 8 - Guide Report
------------------------
Guide not run on this design.

Section 9 - Area Group and Partition Summary
--------------------------------------------

Partition Implementation Status
-------------------------------

  No Partitions were found in this design.

-------------------------------

Area Group Information
----------------------

  No area groups were found in this design.

----------------------

Section 10 - Timing Report
--------------------------
A logic-level (pre-route) timing report can be generated by using Xilinx static
timing analysis tools, Timing Analyzer (GUI) or TRCE (command line), with the
mapped NCD and PCF files. Please note that this timing report will be generated
using estimated delay information. For accurate numbers, please generate a
timing report with the post Place and Route NCD file.

For more information about the Timing Analyzer, consult the Xilinx Timing
Analyzer Reference Manual; for more information about TRCE, consult the Xilinx
Command Line Tools User Guide "TRACE" chapter.

Section 11 - Configuration String Details
-----------------------------------------
Use the "-detail" map option to print out Configuration Strings

Section 12 - Control Set Information
------------------------------------
Use the "-detail" map option to print out Control Set Information.

Section 13 - Utilization by Hierarchy
-------------------------------------
Use the "-detail" map option to print out the Utilization by Hierarchy section.
