INFO:sim:172 - Generating IP...
Applying current project options...
Finished applying current project options.
WARNING:sim - A core named 'DATA_MEM' already exists in the project. Output
   products for this core may be overwritten.
Resolving generics for 'DATA_MEM'...
WARNING:sim - A core named 'DATA_MEM' already exists in the project. Output
   products for this core may be overwritten.
Applying external generics to 'DATA_MEM'...
Delivering associated files for 'DATA_MEM'...
Delivering EJava files for 'DATA_MEM'...
Generating implementation netlist for 'DATA_MEM'...
INFO:sim - Pre-processing HDL files for 'DATA_MEM'...
Running synthesis for 'DATA_MEM'
Running ngcbuild...
Writing VEO instantiation template for 'DATA_MEM'...
Writing Verilog behavioral simulation model for 'DATA_MEM'...
WARNING:sim - Overwriting existing file
   C:/Users/Student/Desktop/KGP_RISC_Grp_52/ipcore_dir/tmp/_cg/DATA_MEM/doc/blk_
   mem_gen_v7_3_vinfo.html with file from view xilinx_documentation
Delivered 1 file into directory
C:/Users/Student/Desktop/KGP_RISC_Grp_52/ipcore_dir/tmp/_cg/DATA_MEM
Generating ASY schematic symbol...
INFO:sim:949 - Finished generation of ASY schematic symbol.
Generating SYM schematic symbol for 'DATA_MEM'...
Generating metadata file...
Regenerating ISE project file for 'DATA_MEM'...
Generating ISE project...
XCO file found: DATA_MEM.xco
XMDF file found: DATA_MEM_xmdf.tcl
Adding C:/Users/Student/Desktop/KGP_RISC_Grp_52/ipcore_dir/tmp/_cg/DATA_MEM.asy
-view all -origin_type imported
Adding C:/Users/Student/Desktop/KGP_RISC_Grp_52/ipcore_dir/tmp/_cg/DATA_MEM.ngc
-view all -origin_type created
Checking file
"C:/Users/Student/Desktop/KGP_RISC_Grp_52/ipcore_dir/tmp/_cg/DATA_MEM.ngc" for
project device match ...
File "C:/Users/Student/Desktop/KGP_RISC_Grp_52/ipcore_dir/tmp/_cg/DATA_MEM.ngc"
device information matches project device.
Adding C:/Users/Student/Desktop/KGP_RISC_Grp_52/ipcore_dir/tmp/_cg/DATA_MEM.sym
-view all -origin_type imported
Adding C:/Users/Student/Desktop/KGP_RISC_Grp_52/ipcore_dir/tmp/_cg/DATA_MEM.v
-view all -origin_type created
INFO:HDLCompiler:1845 - Analyzing Verilog file
   "C:/Users/Student/Desktop/KGP_RISC_Grp_52/ipcore_dir/tmp/_cg/DATA_MEM.v" into
   library work
INFO:ProjectMgmt - Parsing design hierarchy completed successfully.
Adding C:/Users/Student/Desktop/KGP_RISC_Grp_52/ipcore_dir/tmp/_cg/DATA_MEM.veo
-view all -origin_type imported
INFO:TclTasksC:2116 - The automatic calculation of top has been turned-off.
   Please set the new top explicitly by running the "project set top" command.
   To re-calculate the new top automatically, set the "Auto Implementation Top"
   property to true.
Top level has been set to "/DATA_MEM"
Generating README file...
Generating FLIST file...
INFO:sim:948 - Finished FLIST file generation.
Launching README viewer...
Moving files to output directory...
Finished moving files to output directory
Wrote CGP file for project 'DATA_MEM'.
